Using pre-set license
Built from '2020.2/release' branch; Version is '2020.2.1f1 (270dd8c3da1c) revision 2559448'; Using compiler version '192528614'; Build Type 'Release'
OS: 'Windows 10  (10.0.0) 64bit' Language: 'en' Physical Memory: 16257 MB
BatchMode: 1, IsHumanControllingUs: 0, StartBugReporterOnCrash: 0, Is64bit: 1, IsPro: 0

 COMMAND LINE ARGUMENTS:
C:\Program Files\Unity\Hub\Editor\2020.2.1f1\Editor\Unity.exe
-adb2
-batchMode
-noUpm
-name
AssetImportWorker0
-projectPath
C:/Users/crunc/Desktop/ClassDemonstrations/3480 Final
-logFile
Logs/AssetImportWorker0.log
-srvPort
51795
Successfully changed project path to: C:/Users/crunc/Desktop/ClassDemonstrations/3480 Final
C:/Users/crunc/Desktop/ClassDemonstrations/3480 Final
Using Asset Import Pipeline V2.
Refreshing native plugins compatible for Editor in 43.24 ms, found 1 plugins.
Preloading 0 native plugins for Editor in 0.00 ms.
Initialize engine version: 2020.2.1f1 (270dd8c3da1c)
[Subsystems] Discovering subsystems at path C:/Program Files/Unity/Hub/Editor/2020.2.1f1/Editor/Data/Resources/UnitySubsystems
[Subsystems] Discovering subsystems at path C:/Users/crunc/Desktop/ClassDemonstrations/3480 Final/Assets
GfxDevice: creating device client; threaded=0
Direct3D:
    Version:  Direct3D 11.0 [level 11.1]
    Renderer: NVIDIA GeForce GTX 1060 (ID=0x1c20)
    Vendor:   
    VRAM:     6052 MB
    Driver:   27.21.14.5148
Initialize mono
Mono path[0] = 'C:/Program Files/Unity/Hub/Editor/2020.2.1f1/Editor/Data/Managed'
Mono path[1] = 'C:/Program Files/Unity/Hub/Editor/2020.2.1f1/Editor/Data/MonoBleedingEdge/lib/mono/unityjit'
Mono config path = 'C:/Program Files/Unity/Hub/Editor/2020.2.1f1/Editor/Data/MonoBleedingEdge/etc'
Using monoOptions --debugger-agent=transport=dt_socket,embedding=1,server=y,suspend=n,address=127.0.0.1:56536
Begin MonoManager ReloadAssembly
Registering precompiled unity dll's ...
Register platform support module: C:/Program Files/Unity/Hub/Editor/2020.2.1f1/Editor/Data/PlaybackEngines/WindowsStandaloneSupport/UnityEditor.WindowsStandalone.Extensions.dll
Registered in 0.002414 seconds.
Native extension for WindowsStandalone target not found
Refreshing native plugins compatible for Editor in 45.31 ms, found 1 plugins.
Preloading 0 native plugins for Editor in 0.00 ms.
Invoked RoslynAnalysisRunner static constructor.
RoslynAnalysisRunner will not be running.
RoslynAnalysisRunner has terminated.
Mono: successfully reloaded assembly
- Completed reload, in  1.585 seconds
Platform modules already initialized, skipping
Registering precompiled user dll's ...
Registered in 0.003618 seconds.
Begin MonoManager ReloadAssembly
Native extension for WindowsStandalone target not found
Refreshing native plugins compatible for Editor in 0.41 ms, found 1 plugins.
Preloading 0 native plugins for Editor in 0.00 ms.
Invoked RoslynAnalysisRunner static constructor.
RoslynAnalysisRunner will not be running.
RoslynAnalysisRunner has terminated.
Mono: successfully reloaded assembly
- Completed reload, in  1.870 seconds
Platform modules already initialized, skipping
========================================================================
Worker process is ready to serve import requests
Launched and connected shader compiler UnityShaderCompiler.exe after 0.07 seconds
Refreshing native plugins compatible for Editor in 0.81 ms, found 1 plugins.
Preloading 0 native plugins for Editor in 0.00 ms.
Unloading 1780 Unused Serialized files (Serialized files now loaded: 0)
System memory in use before: 85.7 MB.
System memory in use after: 85.8 MB.

Unloading 20 unused Assets to reduce memory usage. Loaded Objects now: 2228.
Total: 3.918400 ms (FindLiveObjects: 0.498800 ms CreateObjectMapping: 0.155700 ms MarkObjects: 3.168500 ms  DeleteObjects: 0.093100 ms)

========================================================================
Received Import Request.
  path: Assets/Scripts/FastEnemyController.cs
  artifactKey: Guid(aa7efff4653b1104385582fbe5276e53) Importer(815301076,1909f56bfc062723c751e8b465ee728b)
Start importing Assets/Scripts/FastEnemyController.cs using Guid(aa7efff4653b1104385582fbe5276e53) Importer(815301076,1909f56bfc062723c751e8b465ee728b)  -> (artifact id: 'e135fd549507ea5b6b76a73f8e73daf5') in 0.059226 seconds
  Import took 0.064650 seconds .

========================================================================
Received Prepare
Registering precompiled user dll's ...
Registered in 0.001249 seconds.
Begin MonoManager ReloadAssembly
Native extension for WindowsStandalone target not found
Refreshing native plugins compatible for Editor in 0.34 ms, found 1 plugins.
Preloading 0 native plugins for Editor in 0.00 ms.
Invoked RoslynAnalysisRunner static constructor.
RoslynAnalysisRunner will not be running.
RoslynAnalysisRunner has terminated.
Mono: successfully reloaded assembly
- Completed reload, in  0.846 seconds
Platform modules already initialized, skipping
Refreshing native plugins compatible for Editor in 0.35 ms, found 1 plugins.
Preloading 0 native plugins for Editor in 0.00 ms.
Unloading 1758 Unused Serialized files (Serialized files now loaded: 0)
System memory in use before: 84.5 MB.
System memory in use after: 84.7 MB.

Unloading 8 unused Assets to reduce memory usage. Loaded Objects now: 2232.
Total: 1.726700 ms (FindLiveObjects: 0.184000 ms CreateObjectMapping: 0.065400 ms MarkObjects: 1.462000 ms  DeleteObjects: 0.014200 ms)

========================================================================
Received Import Request.
  Time since last request: 424.762967 seconds.
  path: Assets/Scripts/FastEnemyController.cs
  artifactKey: Guid(aa7efff4653b1104385582fbe5276e53) Importer(815301076,1909f56bfc062723c751e8b465ee728b)
Start importing Assets/Scripts/FastEnemyController.cs using Guid(aa7efff4653b1104385582fbe5276e53) Importer(815301076,1909f56bfc062723c751e8b465ee728b)  -> (artifact id: '124b621fed4657ac6d0bf47d5042a26a') in 0.005606 seconds
  Import took 0.009022 seconds .

========================================================================
Received Prepare
Registering precompiled user dll's ...
Registered in 0.001290 seconds.
Begin MonoManager ReloadAssembly
Native extension for WindowsStandalone target not found
Refreshing native plugins compatible for Editor in 0.32 ms, found 1 plugins.
Preloading 0 native plugins for Editor in 0.00 ms.
Invoked RoslynAnalysisRunner static constructor.
RoslynAnalysisRunner will not be running.
RoslynAnalysisRunner has terminated.
Mono: successfully reloaded assembly
- Completed reload, in  0.823 seconds
Platform modules already initialized, skipping
Refreshing native plugins compatible for Editor in 0.38 ms, found 1 plugins.
Preloading 0 native plugins for Editor in 0.00 ms.
Unloading 1757 Unused Serialized files (Serialized files now loaded: 0)
System memory in use before: 84.7 MB.
System memory in use after: 84.8 MB.

Unloading 8 unused Assets to reduce memory usage. Loaded Objects now: 2235.
Total: 2.019300 ms (FindLiveObjects: 0.158300 ms CreateObjectMapping: 0.063300 ms MarkObjects: 1.776900 ms  DeleteObjects: 0.018900 ms)

========================================================================
Received Prepare
Registering precompiled user dll's ...
Registered in 0.001231 seconds.
Begin MonoManager ReloadAssembly
Native extension for WindowsStandalone target not found
Refreshing native plugins compatible for Editor in 0.33 ms, found 1 plugins.
Preloading 0 native plugins for Editor in 0.00 ms.
Invoked RoslynAnalysisRunner static constructor.
RoslynAnalysisRunner will not be running.
RoslynAnalysisRunner has terminated.
Mono: successfully reloaded assembly
- Completed reload, in  0.844 seconds
Platform modules already initialized, skipping
Refreshing native plugins compatible for Editor in 0.34 ms, found 1 plugins.
Preloading 0 native plugins for Editor in 0.00 ms.
Unloading 1757 Unused Serialized files (Serialized files now loaded: 0)
System memory in use before: 84.9 MB.
System memory in use after: 85.0 MB.

Unloading 8 unused Assets to reduce memory usage. Loaded Objects now: 2238.
Total: 2.169500 ms (FindLiveObjects: 0.272700 ms CreateObjectMapping: 0.106300 ms MarkObjects: 1.771400 ms  DeleteObjects: 0.017900 ms)

========================================================================
Received Prepare
Registering precompiled user dll's ...
Registered in 0.001205 seconds.
Begin MonoManager ReloadAssembly
Native extension for WindowsStandalone target not found
Refreshing native plugins compatible for Editor in 0.32 ms, found 1 plugins.
Preloading 0 native plugins for Editor in 0.00 ms.
Invoked RoslynAnalysisRunner static constructor.
RoslynAnalysisRunner will not be running.
RoslynAnalysisRunner has terminated.
Mono: successfully reloaded assembly
- Completed reload, in  0.831 seconds
Platform modules already initialized, skipping
Refreshing native plugins compatible for Editor in 0.32 ms, found 1 plugins.
Preloading 0 native plugins for Editor in 0.00 ms.
Unloading 1757 Unused Serialized files (Serialized files now loaded: 0)
System memory in use before: 85.1 MB.
System memory in use after: 85.2 MB.

Unloading 8 unused Assets to reduce memory usage. Loaded Objects now: 2241.
Total: 2.151700 ms (FindLiveObjects: 0.188200 ms CreateObjectMapping: 0.062800 ms MarkObjects: 1.880200 ms  DeleteObjects: 0.019200 ms)

========================================================================
Received Prepare
Registering precompiled user dll's ...
Registered in 0.001224 seconds.
Begin MonoManager ReloadAssembly
Native extension for WindowsStandalone target not found
Refreshing native plugins compatible for Editor in 0.34 ms, found 1 plugins.
Preloading 0 native plugins for Editor in 0.00 ms.
Invoked RoslynAnalysisRunner static constructor.
RoslynAnalysisRunner will not be running.
RoslynAnalysisRunner has terminated.
Mono: successfully reloaded assembly
- Completed reload, in  0.806 seconds
Platform modules already initialized, skipping
Refreshing native plugins compatible for Editor in 0.32 ms, found 1 plugins.
Preloading 0 native plugins for Editor in 0.00 ms.
Unloading 1757 Unused Serialized files (Serialized files now loaded: 0)
System memory in use before: 85.2 MB.
System memory in use after: 85.3 MB.

Unloading 8 unused Assets to reduce memory usage. Loaded Objects now: 2244.
Total: 2.124000 ms (FindLiveObjects: 0.163000 ms CreateObjectMapping: 0.060600 ms MarkObjects: 1.884400 ms  DeleteObjects: 0.015300 ms)

========================================================================
Received Prepare
Registering precompiled user dll's ...
Registered in 0.001273 seconds.
Begin MonoManager ReloadAssembly
Native extension for WindowsStandalone target not found
Refreshing native plugins compatible for Editor in 0.50 ms, found 1 plugins.
Preloading 0 native plugins for Editor in 0.00 ms.
Invoked RoslynAnalysisRunner static constructor.
RoslynAnalysisRunner will not be running.
RoslynAnalysisRunner has terminated.
Mono: successfully reloaded assembly
- Completed reload, in  0.867 seconds
Platform modules already initialized, skipping
Refreshing native plugins compatible for Editor in 0.35 ms, found 1 plugins.
Preloading 0 native plugins for Editor in 0.00 ms.
Unloading 1757 Unused Serialized files (Serialized files now loaded: 0)
System memory in use before: 85.3 MB.
System memory in use after: 85.4 MB.

Unloading 8 unused Assets to reduce memory usage. Loaded Objects now: 2247.
Total: 2.178200 ms (FindLiveObjects: 0.266900 ms CreateObjectMapping: 0.098000 ms MarkObjects: 1.796900 ms  DeleteObjects: 0.015200 ms)

========================================================================
Received Prepare
Registering precompiled user dll's ...
Registered in 0.001764 seconds.
Begin MonoManager ReloadAssembly
Native extension for WindowsStandalone target not found
Refreshing native plugins compatible for Editor in 0.36 ms, found 1 plugins.
Preloading 0 native plugins for Editor in 0.00 ms.
Invoked RoslynAnalysisRunner static constructor.
RoslynAnalysisRunner will not be running.
RoslynAnalysisRunner has terminated.
Mono: successfully reloaded assembly
- Completed reload, in  0.838 seconds
Platform modules already initialized, skipping
Refreshing native plugins compatible for Editor in 0.34 ms, found 1 plugins.
Preloading 0 native plugins for Editor in 0.00 ms.
Unloading 1757 Unused Serialized files (Serialized files now loaded: 0)
System memory in use before: 85.6 MB.
System memory in use after: 85.7 MB.

Unloading 8 unused Assets to reduce memory usage. Loaded Objects now: 2250.
Total: 1.809400 ms (FindLiveObjects: 0.172200 ms CreateObjectMapping: 0.063800 ms MarkObjects: 1.557200 ms  DeleteObjects: 0.015000 ms)

========================================================================
Received Prepare
Registering precompiled user dll's ...
Registered in 0.001192 seconds.
Begin MonoManager ReloadAssembly
Native extension for WindowsStandalone target not found
Refreshing native plugins compatible for Editor in 0.32 ms, found 1 plugins.
Preloading 0 native plugins for Editor in 0.00 ms.
Invoked RoslynAnalysisRunner static constructor.
RoslynAnalysisRunner will not be running.
RoslynAnalysisRunner has terminated.
Mono: successfully reloaded assembly
- Completed reload, in  0.793 seconds
Platform modules already initialized, skipping
Refreshing native plugins compatible for Editor in 0.32 ms, found 1 plugins.
Preloading 0 native plugins for Editor in 0.00 ms.
Unloading 1757 Unused Serialized files (Serialized files now loaded: 0)
System memory in use before: 85.7 MB.
System memory in use after: 85.9 MB.

Unloading 8 unused Assets to reduce memory usage. Loaded Objects now: 2253.
Total: 2.043300 ms (FindLiveObjects: 0.154300 ms CreateObjectMapping: 0.058100 ms MarkObjects: 1.811300 ms  DeleteObjects: 0.018100 ms)

========================================================================
Received Import Request.
  Time since last request: 565.740366 seconds.
  path: Assets/Prefabs/FastBot.prefab
  artifactKey: Guid(e217d5e2ae9cd6e49a483f9c57f5c7d9) Importer(815301076,1909f56bfc062723c751e8b465ee728b)
Start importing Assets/Prefabs/FastBot.prefab using Guid(e217d5e2ae9cd6e49a483f9c57f5c7d9) Importer(815301076,1909f56bfc062723c751e8b465ee728b)  -> (artifact id: 'c8fb95433593e3fe21d52217ae215e8d') in 0.089612 seconds
  Import took 0.092874 seconds .

========================================================================
Received Prepare
Registering precompiled user dll's ...
Registered in 0.001289 seconds.
Begin MonoManager ReloadAssembly
Native extension for WindowsStandalone target not found
Refreshing native plugins compatible for Editor in 0.33 ms, found 1 plugins.
Preloading 0 native plugins for Editor in 0.00 ms.
Invoked RoslynAnalysisRunner static constructor.
RoslynAnalysisRunner will not be running.
RoslynAnalysisRunner has terminated.
Mono: successfully reloaded assembly
- Completed reload, in  0.837 seconds
Platform modules already initialized, skipping
Refreshing native plugins compatible for Editor in 0.67 ms, found 1 plugins.
Preloading 0 native plugins for Editor in 0.00 ms.
Unloading 1757 Unused Serialized files (Serialized files now loaded: 0)
System memory in use before: 89.0 MB.
System memory in use after: 89.2 MB.

Unloading 8 unused Assets to reduce memory usage. Loaded Objects now: 2263.
Total: 2.173600 ms (FindLiveObjects: 0.317100 ms CreateObjectMapping: 0.113600 ms MarkObjects: 1.722800 ms  DeleteObjects: 0.018900 ms)

========================================================================
Received Prepare
Registering precompiled user dll's ...
Registered in 0.001277 seconds.
Begin MonoManager ReloadAssembly
Native extension for WindowsStandalone target not found
Refreshing native plugins compatible for Editor in 0.82 ms, found 1 plugins.
Preloading 0 native plugins for Editor in 0.00 ms.
Invoked RoslynAnalysisRunner static constructor.
RoslynAnalysisRunner will not be running.
RoslynAnalysisRunner has terminated.
Mono: successfully reloaded assembly
- Completed reload, in  0.893 seconds
Platform modules already initialized, skipping
Refreshing native plugins compatible for Editor in 0.35 ms, found 1 plugins.
Preloading 0 native plugins for Editor in 0.00 ms.
Unloading 1757 Unused Serialized files (Serialized files now loaded: 0)
System memory in use before: 89.2 MB.
System memory in use after: 89.3 MB.

Unloading 8 unused Assets to reduce memory usage. Loaded Objects now: 2266.
Total: 2.930500 ms (FindLiveObjects: 0.328400 ms CreateObjectMapping: 0.137500 ms MarkObjects: 2.437500 ms  DeleteObjects: 0.025600 ms)

========================================================================
Received Prepare
Registering precompiled user dll's ...
Registered in 0.001360 seconds.
Begin MonoManager ReloadAssembly
Native extension for WindowsStandalone target not found
Refreshing native plugins compatible for Editor in 0.56 ms, found 1 plugins.
Preloading 0 native plugins for Editor in 0.00 ms.
Invoked RoslynAnalysisRunner static constructor.
RoslynAnalysisRunner will not be running.
RoslynAnalysisRunner has terminated.
Mono: successfully reloaded assembly
- Completed reload, in  0.894 seconds
Platform modules already initialized, skipping
Refreshing native plugins compatible for Editor in 0.34 ms, found 1 plugins.
Preloading 0 native plugins for Editor in 0.00 ms.
Unloading 1757 Unused Serialized files (Serialized files now loaded: 0)
System memory in use before: 89.4 MB.
System memory in use after: 89.5 MB.

Unloading 8 unused Assets to reduce memory usage. Loaded Objects now: 2269.
Total: 2.025100 ms (FindLiveObjects: 0.180900 ms CreateObjectMapping: 0.058000 ms MarkObjects: 1.767900 ms  DeleteObjects: 0.017000 ms)

========================================================================
Received Prepare
Registering precompiled user dll's ...
Registered in 0.001332 seconds.
Begin MonoManager ReloadAssembly
Native extension for WindowsStandalone target not found
Refreshing native plugins compatible for Editor in 0.30 ms, found 1 plugins.
Preloading 0 native plugins for Editor in 0.00 ms.
Invoked RoslynAnalysisRunner static constructor.
RoslynAnalysisRunner will not be running.
RoslynAnalysisRunner has terminated.
Mono: successfully reloaded assembly
- Completed reload, in  0.834 seconds
Platform modules already initialized, skipping
Refreshing native plugins compatible for Editor in 0.33 ms, found 1 plugins.
Preloading 0 native plugins for Editor in 0.00 ms.
Unloading 1757 Unused Serialized files (Serialized files now loaded: 0)
System memory in use before: 89.4 MB.
System memory in use after: 89.5 MB.

Unloading 8 unused Assets to reduce memory usage. Loaded Objects now: 2272.
Total: 2.328700 ms (FindLiveObjects: 0.201300 ms CreateObjectMapping: 0.077400 ms MarkObjects: 2.030400 ms  DeleteObjects: 0.018400 ms)

========================================================================
Received Prepare
Registering precompiled user dll's ...
Registered in 0.001244 seconds.
Begin MonoManager ReloadAssembly
Native extension for WindowsStandalone target not found
Refreshing native plugins compatible for Editor in 0.34 ms, found 1 plugins.
Preloading 0 native plugins for Editor in 0.00 ms.
Invoked RoslynAnalysisRunner static constructor.
RoslynAnalysisRunner will not be running.
RoslynAnalysisRunner has terminated.
Mono: successfully reloaded assembly
- Completed reload, in  0.856 seconds
Platform modules already initialized, skipping
Refreshing native plugins compatible for Editor in 0.32 ms, found 1 plugins.
Preloading 0 native plugins for Editor in 0.00 ms.
Unloading 1757 Unused Serialized files (Serialized files now loaded: 0)
System memory in use before: 88.7 MB.
System memory in use after: 88.8 MB.

Unloading 8 unused Assets to reduce memory usage. Loaded Objects now: 2275.
Total: 2.263000 ms (FindLiveObjects: 0.303700 ms CreateObjectMapping: 0.123100 ms MarkObjects: 1.817900 ms  DeleteObjects: 0.017000 ms)

========================================================================
Received Prepare
Registering precompiled user dll's ...
Registered in 0.001482 seconds.
Begin MonoManager ReloadAssembly
Native extension for WindowsStandalone target not found
Refreshing native plugins compatible for Editor in 0.32 ms, found 1 plugins.
Preloading 0 native plugins for Editor in 0.00 ms.
Invoked RoslynAnalysisRunner static constructor.
RoslynAnalysisRunner will not be running.
RoslynAnalysisRunner has terminated.
Mono: successfully reloaded assembly
- Completed reload, in  0.803 seconds
Platform modules already initialized, skipping
Refreshing native plugins compatible for Editor in 0.32 ms, found 1 plugins.
Preloading 0 native plugins for Editor in 0.00 ms.
Unloading 1757 Unused Serialized files (Serialized files now loaded: 0)
System memory in use before: 88.9 MB.
System memory in use after: 89.0 MB.

Unloading 8 unused Assets to reduce memory usage. Loaded Objects now: 2278.
Total: 2.245800 ms (FindLiveObjects: 0.258400 ms CreateObjectMapping: 0.093400 ms MarkObjects: 1.877900 ms  DeleteObjects: 0.015200 ms)

========================================================================
Received Prepare
Registering precompiled user dll's ...
Registered in 0.001262 seconds.
Begin MonoManager ReloadAssembly
Native extension for WindowsStandalone target not found
Refreshing native plugins compatible for Editor in 0.33 ms, found 1 plugins.
Preloading 0 native plugins for Editor in 0.00 ms.
Invoked RoslynAnalysisRunner static constructor.
RoslynAnalysisRunner will not be running.
RoslynAnalysisRunner has terminated.
Mono: successfully reloaded assembly
- Completed reload, in  0.858 seconds
Platform modules already initialized, skipping
Refreshing native plugins compatible for Editor in 0.32 ms, found 1 plugins.
Preloading 0 native plugins for Editor in 0.00 ms.
Unloading 1757 Unused Serialized files (Serialized files now loaded: 0)
System memory in use before: 89.1 MB.
System memory in use after: 89.2 MB.

Unloading 8 unused Assets to reduce memory usage. Loaded Objects now: 2281.
Total: 1.954400 ms (FindLiveObjects: 0.184400 ms CreateObjectMapping: 0.058800 ms MarkObjects: 1.689400 ms  DeleteObjects: 0.020600 ms)

========================================================================
Received Prepare
Registering precompiled user dll's ...
Registered in 0.001148 seconds.
Begin MonoManager ReloadAssembly
Native extension for WindowsStandalone target not found
Refreshing native plugins compatible for Editor in 0.34 ms, found 1 plugins.
Preloading 0 native plugins for Editor in 0.00 ms.
Invoked RoslynAnalysisRunner static constructor.
RoslynAnalysisRunner will not be running.
RoslynAnalysisRunner has terminated.
Mono: successfully reloaded assembly
- Completed reload, in  0.799 seconds
Platform modules already initialized, skipping
Refreshing native plugins compatible for Editor in 0.33 ms, found 1 plugins.
Preloading 0 native plugins for Editor in 0.00 ms.
Unloading 1757 Unused Serialized files (Serialized files now loaded: 0)
System memory in use before: 89.3 MB.
System memory in use after: 89.4 MB.

Unloading 8 unused Assets to reduce memory usage. Loaded Objects now: 2284.
Total: 2.174900 ms (FindLiveObjects: 0.268900 ms CreateObjectMapping: 0.095100 ms MarkObjects: 1.793500 ms  DeleteObjects: 0.015900 ms)

========================================================================
Received Prepare
Registering precompiled user dll's ...
Registered in 0.001245 seconds.
Begin MonoManager ReloadAssembly
Native extension for WindowsStandalone target not found
Refreshing native plugins compatible for Editor in 0.36 ms, found 1 plugins.
Preloading 0 native plugins for Editor in 0.00 ms.
Invoked RoslynAnalysisRunner static constructor.
RoslynAnalysisRunner will not be running.
RoslynAnalysisRunner has terminated.
Mono: successfully reloaded assembly
- Completed reload, in  0.865 seconds
Platform modules already initialized, skipping
Refreshing native plugins compatible for Editor in 0.33 ms, found 1 plugins.
Preloading 0 native plugins for Editor in 0.00 ms.
Unloading 1757 Unused Serialized files (Serialized files now loaded: 0)
System memory in use before: 89.4 MB.
System memory in use after: 89.5 MB.

Unloading 8 unused Assets to reduce memory usage. Loaded Objects now: 2287.
Total: 2.148600 ms (FindLiveObjects: 0.193300 ms CreateObjectMapping: 0.073900 ms MarkObjects: 1.862700 ms  DeleteObjects: 0.017500 ms)

========================================================================
Received Import Request.
  Time since last request: 1382.983292 seconds.
  path: Assets/Prefabs/Bot.prefab
  artifactKey: Guid(245e1c076f9ad2c418594c42a2cebed8) Importer(815301076,1909f56bfc062723c751e8b465ee728b)
Start importing Assets/Prefabs/Bot.prefab using Guid(245e1c076f9ad2c418594c42a2cebed8) Importer(815301076,1909f56bfc062723c751e8b465ee728b)  -> (artifact id: '44d4540957f6c2d3d01c7d7cb20d4cb9') in 0.062004 seconds
  Import took 0.065137 seconds .

========================================================================
Received Prepare
Registering precompiled user dll's ...
Registered in 0.001284 seconds.
Begin MonoManager ReloadAssembly
Native extension for WindowsStandalone target not found
Refreshing native plugins compatible for Editor in 0.35 ms, found 1 plugins.
Preloading 0 native plugins for Editor in 0.00 ms.
Invoked RoslynAnalysisRunner static constructor.
RoslynAnalysisRunner will not be running.
RoslynAnalysisRunner has terminated.
Mono: successfully reloaded assembly
- Completed reload, in  0.867 seconds
Platform modules already initialized, skipping
Refreshing native plugins compatible for Editor in 0.32 ms, found 1 plugins.
Preloading 0 native plugins for Editor in 0.00 ms.
Unloading 1757 Unused Serialized files (Serialized files now loaded: 0)
System memory in use before: 89.5 MB.
System memory in use after: 89.6 MB.

Unloading 8 unused Assets to reduce memory usage. Loaded Objects now: 2291.
Total: 3.059100 ms (FindLiveObjects: 0.292100 ms CreateObjectMapping: 0.112000 ms MarkObjects: 2.622400 ms  DeleteObjects: 0.031000 ms)

========================================================================
Received Import Request.
  Time since last request: 140.748340 seconds.
  path: Assets/Prefabs/Bot.prefab
  artifactKey: Guid(245e1c076f9ad2c418594c42a2cebed8) Importer(815301076,1909f56bfc062723c751e8b465ee728b)
Start importing Assets/Prefabs/Bot.prefab using Guid(245e1c076f9ad2c418594c42a2cebed8) Importer(815301076,1909f56bfc062723c751e8b465ee728b)  -> (artifact id: '45b33910387d7a0513c5b549e6fcee88') in 0.062611 seconds
  Import took 0.066025 seconds .

========================================================================
Received Import Request.
  Time since last request: 15.347764 seconds.
  path: Assets/Prefabs/Bot.prefab
  artifactKey: Guid(245e1c076f9ad2c418594c42a2cebed8) Importer(815301076,1909f56bfc062723c751e8b465ee728b)
Start importing Assets/Prefabs/Bot.prefab using Guid(245e1c076f9ad2c418594c42a2cebed8) Importer(815301076,1909f56bfc062723c751e8b465ee728b)  -> (artifact id: 'ed66a02f16f765610f0ca1f8bce4ddb7') in 0.013314 seconds
  Import took 0.016468 seconds .

========================================================================
Received Prepare
Registering precompiled user dll's ...
Registered in 0.001311 seconds.
Begin MonoManager ReloadAssembly
Native extension for WindowsStandalone target not found
Refreshing native plugins compatible for Editor in 0.33 ms, found 1 plugins.
Preloading 0 native plugins for Editor in 0.00 ms.
Invoked RoslynAnalysisRunner static constructor.
RoslynAnalysisRunner will not be running.
RoslynAnalysisRunner has terminated.
Mono: successfully reloaded assembly
- Completed reload, in  0.840 seconds
Platform modules already initialized, skipping
Refreshing native plugins compatible for Editor in 0.32 ms, found 1 plugins.
Preloading 0 native plugins for Editor in 0.00 ms.
Unloading 1757 Unused Serialized files (Serialized files now loaded: 0)
System memory in use before: 88.8 MB.
System memory in use after: 88.9 MB.

Unloading 8 unused Assets to reduce memory usage. Loaded Objects now: 2295.
Total: 2.142000 ms (FindLiveObjects: 0.192800 ms CreateObjectMapping: 0.081200 ms MarkObjects: 1.852700 ms  DeleteObjects: 0.014300 ms)

========================================================================
Received Import Request.
  Time since last request: 81.271145 seconds.
  path: Assets/Scripts/FastEnemyController.cs
  artifactKey: Guid(aa7efff4653b1104385582fbe5276e53) Importer(815301076,1909f56bfc062723c751e8b465ee728b)
Start importing Assets/Scripts/FastEnemyController.cs using Guid(aa7efff4653b1104385582fbe5276e53) Importer(815301076,1909f56bfc062723c751e8b465ee728b)  -> (artifact id: '6e2860af30a82bcd2e9705916e8e7c55') in 0.004630 seconds
  Import took 0.007360 seconds .

========================================================================
Received Import Request.
  Time since last request: 0.026761 seconds.
  path: Assets/Scripts/FastEnemyController.cs
  artifactKey: Guid(aa7efff4653b1104385582fbe5276e53) Importer(815301076,1909f56bfc062723c751e8b465ee728b)
Start importing Assets/Scripts/FastEnemyController.cs using Guid(aa7efff4653b1104385582fbe5276e53) Importer(815301076,1909f56bfc062723c751e8b465ee728b)  -> (artifact id: '6e2860af30a82bcd2e9705916e8e7c55') in 0.002886 seconds
  Import took 0.005723 seconds .

========================================================================
Received Import Request.
  Time since last request: 2.857214 seconds.
  path: Assets/Scripts/EnemyController.cs
  artifactKey: Guid(37ac7b7e565f10244b32a83c9ea76b47) Importer(815301076,1909f56bfc062723c751e8b465ee728b)
Start importing Assets/Scripts/EnemyController.cs using Guid(37ac7b7e565f10244b32a83c9ea76b47) Importer(815301076,1909f56bfc062723c751e8b465ee728b)  -> (artifact id: '35878c0bd4f24254767a63a1fadf0289') in 0.002591 seconds
  Import took 0.005444 seconds .

========================================================================
Received Prepare
Registering precompiled user dll's ...
Registered in 0.001275 seconds.
Begin MonoManager ReloadAssembly
Native extension for WindowsStandalone target not found
Refreshing native plugins compatible for Editor in 0.33 ms, found 1 plugins.
Preloading 0 native plugins for Editor in 0.00 ms.
Invoked RoslynAnalysisRunner static constructor.
RoslynAnalysisRunner will not be running.
RoslynAnalysisRunner has terminated.
Mono: successfully reloaded assembly
- Completed reload, in  0.898 seconds
Platform modules already initialized, skipping
Refreshing native plugins compatible for Editor in 0.37 ms, found 1 plugins.
Preloading 0 native plugins for Editor in 0.00 ms.
Unloading 1757 Unused Serialized files (Serialized files now loaded: 0)
System memory in use before: 89.0 MB.
System memory in use after: 89.1 MB.

Unloading 8 unused Assets to reduce memory usage. Loaded Objects now: 2298.
Total: 2.101900 ms (FindLiveObjects: 0.192000 ms CreateObjectMapping: 0.070000 ms MarkObjects: 1.819700 ms  DeleteObjects: 0.018900 ms)

========================================================================
Received Import Request.
  Time since last request: 105.184906 seconds.
  path: Assets/Scripts/EnemyController.cs
  artifactKey: Guid(37ac7b7e565f10244b32a83c9ea76b47) Importer(815301076,1909f56bfc062723c751e8b465ee728b)
Start importing Assets/Scripts/EnemyController.cs using Guid(37ac7b7e565f10244b32a83c9ea76b47) Importer(815301076,1909f56bfc062723c751e8b465ee728b)  -> (artifact id: '63030a0348e225640de0efd8e0691151') in 0.006303 seconds
  Import took 0.010304 seconds .

========================================================================
Received Prepare
Registering precompiled user dll's ...
Registered in 0.001285 seconds.
Begin MonoManager ReloadAssembly
Native extension for WindowsStandalone target not found
Refreshing native plugins compatible for Editor in 0.36 ms, found 1 plugins.
Preloading 0 native plugins for Editor in 0.00 ms.
Invoked RoslynAnalysisRunner static constructor.
RoslynAnalysisRunner will not be running.
RoslynAnalysisRunner has terminated.
Mono: successfully reloaded assembly
- Completed reload, in  0.904 seconds
Platform modules already initialized, skipping
Refreshing native plugins compatible for Editor in 0.34 ms, found 1 plugins.
Preloading 0 native plugins for Editor in 0.00 ms.
Unloading 1757 Unused Serialized files (Serialized files now loaded: 0)
System memory in use before: 89.1 MB.
System memory in use after: 89.2 MB.

Unloading 8 unused Assets to reduce memory usage. Loaded Objects now: 2301.
Total: 2.014100 ms (FindLiveObjects: 0.248100 ms CreateObjectMapping: 0.086100 ms MarkObjects: 1.663200 ms  DeleteObjects: 0.015500 ms)

========================================================================
Received Import Request.
  Time since last request: 50.642388 seconds.
  path: Assets/Prefabs/Bot.prefab
  artifactKey: Guid(245e1c076f9ad2c418594c42a2cebed8) Importer(815301076,1909f56bfc062723c751e8b465ee728b)
Start importing Assets/Prefabs/Bot.prefab using Guid(245e1c076f9ad2c418594c42a2cebed8) Importer(815301076,1909f56bfc062723c751e8b465ee728b)  -> (artifact id: '3f4f18660ba6eeb019b2a82df32f2072') in 0.057683 seconds
  Import took 0.061169 seconds .

========================================================================
Received Import Request.
  Time since last request: 0.000314 seconds.
  path: Assets/Scripts/FastEnemyController.cs
  artifactKey: Guid(aa7efff4653b1104385582fbe5276e53) Importer(815301076,1909f56bfc062723c751e8b465ee728b)
Start importing Assets/Scripts/FastEnemyController.cs using Guid(aa7efff4653b1104385582fbe5276e53) Importer(815301076,1909f56bfc062723c751e8b465ee728b)  -> (artifact id: 'fd0723147961da37ce5e873229d44213') in 0.002628 seconds
  Import took 0.005188 seconds .

========================================================================
Received Import Request.
  Time since last request: 0.000312 seconds.
  path: Assets/Prefabs/FastBot.prefab
  artifactKey: Guid(e217d5e2ae9cd6e49a483f9c57f5c7d9) Importer(815301076,1909f56bfc062723c751e8b465ee728b)
Start importing Assets/Prefabs/FastBot.prefab using Guid(e217d5e2ae9cd6e49a483f9c57f5c7d9) Importer(815301076,1909f56bfc062723c751e8b465ee728b)  -> (artifact id: '84f859b5f400c1bb99e3ef2efe0db99d') in 0.016815 seconds
  Import took 0.020318 seconds .

========================================================================
Received Prepare
Registering precompiled user dll's ...
Registered in 0.001393 seconds.
Begin MonoManager ReloadAssembly
Native extension for WindowsStandalone target not found
Refreshing native plugins compatible for Editor in 0.33 ms, found 1 plugins.
Preloading 0 native plugins for Editor in 0.00 ms.
Invoked RoslynAnalysisRunner static constructor.
RoslynAnalysisRunner will not be running.
RoslynAnalysisRunner has terminated.
Mono: successfully reloaded assembly
- Completed reload, in  0.857 seconds
Platform modules already initialized, skipping
Refreshing native plugins compatible for Editor in 0.32 ms, found 1 plugins.
Preloading 0 native plugins for Editor in 0.00 ms.
Unloading 1757 Unused Serialized files (Serialized files now loaded: 0)
System memory in use before: 89.3 MB.
System memory in use after: 89.4 MB.

Unloading 8 unused Assets to reduce memory usage. Loaded Objects now: 2305.
Total: 2.162400 ms (FindLiveObjects: 0.236900 ms CreateObjectMapping: 0.103400 ms MarkObjects: 1.803400 ms  DeleteObjects: 0.017100 ms)

========================================================================
Received Import Request.
  Time since last request: 83.644341 seconds.
  path: Assets/Prefabs/HardBot.prefab
  artifactKey: Guid(670a9f3e685585f42b75e882f99a5167) Importer(815301076,1909f56bfc062723c751e8b465ee728b)
Start importing Assets/Prefabs/HardBot.prefab using Guid(670a9f3e685585f42b75e882f99a5167) Importer(815301076,1909f56bfc062723c751e8b465ee728b)  -> (artifact id: '50a98d821ba25ce168c924ea716abb4f') in 0.053343 seconds
  Import took 0.057223 seconds .

========================================================================
Received Import Request.
  Time since last request: 0.000366 seconds.
  path: Assets/Scripts/HardEnemyController.cs
  artifactKey: Guid(cd5ce6dfd05fb174bb0d9b61c5160fda) Importer(815301076,1909f56bfc062723c751e8b465ee728b)
Start importing Assets/Scripts/HardEnemyController.cs using Guid(cd5ce6dfd05fb174bb0d9b61c5160fda) Importer(815301076,1909f56bfc062723c751e8b465ee728b)  -> (artifact id: 'bbc82e3b92c828f467656382ca68cc85') in 0.002836 seconds
  Import took 0.005770 seconds .

========================================================================
Received Import Request.
  Time since last request: 0.000241 seconds.
  path: Assets/Prefabs/FastBot.prefab
  artifactKey: Guid(e217d5e2ae9cd6e49a483f9c57f5c7d9) Importer(815301076,1909f56bfc062723c751e8b465ee728b)
Start importing Assets/Prefabs/FastBot.prefab using Guid(e217d5e2ae9cd6e49a483f9c57f5c7d9) Importer(815301076,1909f56bfc062723c751e8b465ee728b)  -> (artifact id: '0285dc7ccc72f65f67d65244552e95a5') in 0.012917 seconds
  Import took 0.016188 seconds .

========================================================================
Received Import Request.
  Time since last request: 11.609009 seconds.
  path: Assets/Prefabs/HardBot.prefab
  artifactKey: Guid(670a9f3e685585f42b75e882f99a5167) Importer(815301076,1909f56bfc062723c751e8b465ee728b)
Start importing Assets/Prefabs/HardBot.prefab using Guid(670a9f3e685585f42b75e882f99a5167) Importer(815301076,1909f56bfc062723c751e8b465ee728b)  -> (artifact id: '6aae00f3ce24212724dbc2f222384831') in 0.015878 seconds
  Import took 0.018982 seconds .

AssetImportWorkerClient::OnTransportError - code=2 error=End of file
